<?xml version="1.0" encoding="UTF-8"?>
<testsuite xmlns:xsi="http://www.w3.org/2001/XMLSchema-instance" xsi:noNamespaceSchemaLocation="https://maven.apache.org/surefire/maven-surefire-plugin/xsd/surefire-test-report-3.0.xsd" version="3.0" name="TestSuite" time="38.65" tests="4" errors="0" skipped="0" failures="1">
  <properties>
    <property name="java.specification.version" value="13"/>
    <property name="webdriver.chrome.driver" value="D:\Selenium\Project_Pract\pract\End_to_end_project\src\main\java\resources\chromedriver.exe"/>
    <property name="sun.cpu.isalist" value="amd64"/>
    <property name="sun.jnu.encoding" value="Cp1252"/>
    <property name="java.class.path" value="D:\Selenium\Project_Pract\pract\End_to_end_project\target\test-classes;D:\Selenium\Project_Pract\pract\End_to_end_project\target\classes;C:\Users\sapnaj3\.m2\repository\org\seleniumhq\selenium\selenium-java\4.0.0-alpha-6\selenium-java-4.0.0-alpha-6.jar;C:\Users\sapnaj3\.m2\repository\org\seleniumhq\selenium\selenium-api\4.0.0-alpha-6\selenium-api-4.0.0-alpha-6.jar;C:\Users\sapnaj3\.m2\repository\org\seleniumhq\selenium\selenium-chrome-driver\4.0.0-alpha-6\selenium-chrome-driver-4.0.0-alpha-6.jar;C:\Users\sapnaj3\.m2\repository\com\google\auto\service\auto-service-annotations\1.0-rc6\auto-service-annotations-1.0-rc6.jar;C:\Users\sapnaj3\.m2\repository\com\google\auto\service\auto-service\1.0-rc6\auto-service-1.0-rc6.jar;C:\Users\sapnaj3\.m2\repository\com\google\auto\auto-common\0.10\auto-common-0.10.jar;C:\Users\sapnaj3\.m2\repository\com\google\guava\guava\29.0-jre\guava-29.0-jre.jar;C:\Users\sapnaj3\.m2\repository\com\google\guava\failureaccess\1.0.1\failureaccess-1.0.1.jar;C:\Users\sapnaj3\.m2\repository\com\google\guava\listenablefuture\9999.0-empty-to-avoid-conflict-with-guava\listenablefuture-9999.0-empty-to-avoid-conflict-with-guava.jar;C:\Users\sapnaj3\.m2\repository\com\google\code\findbugs\jsr305\3.0.2\jsr305-3.0.2.jar;C:\Users\sapnaj3\.m2\repository\org\checkerframework\checker-qual\2.11.1\checker-qual-2.11.1.jar;C:\Users\sapnaj3\.m2\repository\com\google\errorprone\error_prone_annotations\2.3.4\error_prone_annotations-2.3.4.jar;C:\Users\sapnaj3\.m2\repository\com\google\j2objc\j2objc-annotations\1.3\j2objc-annotations-1.3.jar;C:\Users\sapnaj3\.m2\repository\org\seleniumhq\selenium\selenium-chromium-driver\4.0.0-alpha-6\selenium-chromium-driver-4.0.0-alpha-6.jar;C:\Users\sapnaj3\.m2\repository\org\seleniumhq\selenium\selenium-devtools\4.0.0-alpha-6\selenium-devtools-4.0.0-alpha-6.jar;C:\Users\sapnaj3\.m2\repository\org\seleniumhq\selenium\selenium-http\4.0.0-alpha-6\selenium-http-4.0.0-alpha-6.jar;C:\Users\sapnaj3\.m2\repository\org\seleniumhq\selenium\selenium-json\4.0.0-alpha-6\selenium-json-4.0.0-alpha-6.jar;C:\Users\sapnaj3\.m2\repository\org\seleniumhq\selenium\selenium-edge-driver\4.0.0-alpha-6\selenium-edge-driver-4.0.0-alpha-6.jar;C:\Users\sapnaj3\.m2\repository\org\seleniumhq\selenium\selenium-edgehtml-driver\4.0.0-alpha-6\selenium-edgehtml-driver-4.0.0-alpha-6.jar;C:\Users\sapnaj3\.m2\repository\org\seleniumhq\selenium\selenium-firefox-driver\4.0.0-alpha-6\selenium-firefox-driver-4.0.0-alpha-6.jar;C:\Users\sapnaj3\.m2\repository\org\seleniumhq\selenium\selenium-firefox-xpi-driver\4.0.0-alpha-6\selenium-firefox-xpi-driver-4.0.0-alpha-6.jar;C:\Users\sapnaj3\.m2\repository\org\seleniumhq\selenium\selenium-ie-driver\4.0.0-alpha-6\selenium-ie-driver-4.0.0-alpha-6.jar;C:\Users\sapnaj3\.m2\repository\org\seleniumhq\selenium\selenium-opera-driver\4.0.0-alpha-6\selenium-opera-driver-4.0.0-alpha-6.jar;C:\Users\sapnaj3\.m2\repository\org\seleniumhq\selenium\selenium-remote-driver\4.0.0-alpha-6\selenium-remote-driver-4.0.0-alpha-6.jar;C:\Users\sapnaj3\.m2\repository\com\squareup\okhttp3\okhttp\4.5.0\okhttp-4.5.0.jar;C:\Users\sapnaj3\.m2\repository\org\jetbrains\kotlin\kotlin-stdlib\1.3.70\kotlin-stdlib-1.3.70.jar;C:\Users\sapnaj3\.m2\repository\org\jetbrains\annotations\13.0\annotations-13.0.jar;C:\Users\sapnaj3\.m2\repository\com\squareup\okio\okio\2.6.0\okio-2.6.0.jar;C:\Users\sapnaj3\.m2\repository\org\jetbrains\kotlin\kotlin-stdlib-common\1.3.70\kotlin-stdlib-common-1.3.70.jar;C:\Users\sapnaj3\.m2\repository\com\typesafe\netty\netty-reactive-streams\2.0.4\netty-reactive-streams-2.0.4.jar;C:\Users\sapnaj3\.m2\repository\io\netty\netty-handler\4.1.43.Final\netty-handler-4.1.43.Final.jar;C:\Users\sapnaj3\.m2\repository\org\reactivestreams\reactive-streams\1.0.3\reactive-streams-1.0.3.jar;C:\Users\sapnaj3\.m2\repository\io\grpc\grpc-context\1.28.0\grpc-context-1.28.0.jar;C:\Users\sapnaj3\.m2\repository\io\netty\netty-buffer\4.1.49.Final\netty-buffer-4.1.49.Final.jar;C:\Users\sapnaj3\.m2\repository\io\netty\netty-common\4.1.49.Final\netty-common-4.1.49.Final.jar;C:\Users\sapnaj3\.m2\repository\io\netty\netty-codec-http\4.1.49.Final\netty-codec-http-4.1.49.Final.jar;C:\Users\sapnaj3\.m2\repository\io\netty\netty-codec\4.1.49.Final\netty-codec-4.1.49.Final.jar;C:\Users\sapnaj3\.m2\repository\io\netty\netty-transport-native-epoll\4.1.49.Final\netty-transport-native-epoll-4.1.49.Final.jar;C:\Users\sapnaj3\.m2\repository\io\netty\netty-transport-native-epoll\4.1.49.Final\netty-transport-native-epoll-4.1.49.Final-linux-x86_64.jar;C:\Users\sapnaj3\.m2\repository\io\netty\netty-transport-native-kqueue\4.1.49.Final\netty-transport-native-kqueue-4.1.49.Final.jar;C:\Users\sapnaj3\.m2\repository\io\netty\netty-transport-native-kqueue\4.1.49.Final\netty-transport-native-kqueue-4.1.49.Final-osx-x86_64.jar;C:\Users\sapnaj3\.m2\repository\io\netty\netty-transport-native-unix-common\4.1.49.Final\netty-transport-native-unix-common-4.1.49.Final.jar;C:\Users\sapnaj3\.m2\repository\io\netty\netty-transport\4.1.49.Final\netty-transport-4.1.49.Final.jar;C:\Users\sapnaj3\.m2\repository\io\netty\netty-resolver\4.1.49.Final\netty-resolver-4.1.49.Final.jar;C:\Users\sapnaj3\.m2\repository\io\opentelemetry\opentelemetry-api\0.4.0\opentelemetry-api-0.4.0.jar;C:\Users\sapnaj3\.m2\repository\io\opentelemetry\opentelemetry-context-prop\0.4.0\opentelemetry-context-prop-0.4.0.jar;C:\Users\sapnaj3\.m2\repository\io\opentelemetry\opentelemetry-sdk\0.4.0\opentelemetry-sdk-0.4.0.jar;C:\Users\sapnaj3\.m2\repository\io\projectreactor\netty\reactor-netty\0.9.6.RELEASE\reactor-netty-0.9.6.RELEASE.jar;C:\Users\sapnaj3\.m2\repository\io\netty\netty-codec-http2\4.1.48.Final\netty-codec-http2-4.1.48.Final.jar;C:\Users\sapnaj3\.m2\repository\io\netty\netty-handler-proxy\4.1.48.Final\netty-handler-proxy-4.1.48.Final.jar;C:\Users\sapnaj3\.m2\repository\io\projectreactor\reactor-core\3.3.5.RELEASE\reactor-core-3.3.5.RELEASE.jar;C:\Users\sapnaj3\.m2\repository\net\bytebuddy\byte-buddy\1.10.9\byte-buddy-1.10.9.jar;C:\Users\sapnaj3\.m2\repository\org\apache\commons\commons-exec\1.3\commons-exec-1.3.jar;C:\Users\sapnaj3\.m2\repository\org\asynchttpclient\async-http-client\2.12.1\async-http-client-2.12.1.jar;C:\Users\sapnaj3\.m2\repository\org\asynchttpclient\async-http-client-netty-utils\2.12.1\async-http-client-netty-utils-2.12.1.jar;C:\Users\sapnaj3\.m2\repository\io\netty\netty-codec-socks\4.1.48.Final\netty-codec-socks-4.1.48.Final.jar;C:\Users\sapnaj3\.m2\repository\com\sun\activation\javax.activation\1.2.0\javax.activation-1.2.0.jar;C:\Users\sapnaj3\.m2\repository\org\seleniumhq\selenium\selenium-safari-driver\4.0.0-alpha-6\selenium-safari-driver-4.0.0-alpha-6.jar;C:\Users\sapnaj3\.m2\repository\org\seleniumhq\selenium\selenium-support\4.0.0-alpha-6\selenium-support-4.0.0-alpha-6.jar;C:\Users\sapnaj3\.m2\repository\org\testng\testng\7.1.0\testng-7.1.0.jar;C:\Users\sapnaj3\.m2\repository\com\beust\jcommander\1.72\jcommander-1.72.jar;C:\Users\sapnaj3\.m2\repository\com\google\inject\guice\4.1.0\guice-4.1.0-no_aop.jar;C:\Users\sapnaj3\.m2\repository\javax\inject\javax.inject\1\javax.inject-1.jar;C:\Users\sapnaj3\.m2\repository\aopalliance\aopalliance\1.0\aopalliance-1.0.jar;C:\Users\sapnaj3\.m2\repository\org\yaml\snakeyaml\1.21\snakeyaml-1.21.jar;C:\Users\sapnaj3\.m2\repository\org\apache\logging\log4j\log4j-api\2.13.3\log4j-api-2.13.3.jar;C:\Users\sapnaj3\.m2\repository\org\apache\logging\log4j\log4j-core\2.13.3\log4j-core-2.13.3.jar;C:\Users\sapnaj3\.m2\repository\org\slf4j\slf4j-api\1.7.5\slf4j-api-1.7.5.jar;C:\Users\sapnaj3\.m2\repository\org\slf4j\slf4j-log4j12\1.7.5\slf4j-log4j12-1.7.5.jar;C:\Users\sapnaj3\.m2\repository\log4j\log4j\1.2.17\log4j-1.2.17.jar;C:\Users\sapnaj3\.m2\repository\commons-io\commons-io\2.6\commons-io-2.6.jar;C:\Users\sapnaj3\.m2\repository\com\aventstack\extentreports\4.1.7\extentreports-4.1.7.jar;C:\Users\sapnaj3\.m2\repository\org\freemarker\freemarker\2.3.29\freemarker-2.3.29.jar;C:\Users\sapnaj3\.m2\repository\org\apache\httpcomponents\httpclient\4.5.2\httpclient-4.5.2.jar;C:\Users\sapnaj3\.m2\repository\org\apache\httpcomponents\httpcore\4.4.4\httpcore-4.4.4.jar;C:\Users\sapnaj3\.m2\repository\commons-logging\commons-logging\1.2\commons-logging-1.2.jar;C:\Users\sapnaj3\.m2\repository\commons-codec\commons-codec\1.9\commons-codec-1.9.jar;C:\Users\sapnaj3\.m2\repository\org\apache\httpcomponents\httpmime\4.5.2\httpmime-4.5.2.jar;C:\Users\sapnaj3\.m2\repository\com\google\code\gson\gson\2.8.6\gson-2.8.6.jar;C:\Users\sapnaj3\.m2\repository\org\mongodb\mongodb-driver\3.12.0\mongodb-driver-3.12.0.jar;C:\Users\sapnaj3\.m2\repository\org\mongodb\mongodb-driver-core\3.12.0\mongodb-driver-core-3.12.0.jar;C:\Users\sapnaj3\.m2\repository\org\mongodb\bson\3.12.0\bson-3.12.0.jar;"/>
    <property name="java.vm.vendor" value="Oracle Corporation"/>
    <property name="sun.arch.data.model" value="64"/>
    <property name="user.variant" value=""/>
    <property name="java.vendor.url" value="https://java.oracle.com/"/>
    <property name="user.timezone" value="Asia/Calcutta"/>
    <property name="os.name" value="Windows 10"/>
    <property name="java.vm.specification.version" value="13"/>
    <property name="sun.java.launcher" value="SUN_STANDARD"/>
    <property name="user.country" value="US"/>
    <property name="sun.boot.library.path" value="C:\Program Files\Java\jdk-13.0.2\bin"/>
    <property name="sun.java.command" value="C:\Users\sapnaj3\AppData\Local\Temp\surefire4239918570619980781\surefirebooter14066102154409364777.jar C:\Users\sapnaj3\AppData\Local\Temp\surefire4239918570619980781 2020-07-18T16-01-31_367-jvmRun1 surefire17221506538854292899tmp surefire_08018685092302034471tmp"/>
    <property name="jdk.debug" value="release"/>
    <property name="surefire.test.class.path" value="D:\Selenium\Project_Pract\pract\End_to_end_project\target\test-classes;D:\Selenium\Project_Pract\pract\End_to_end_project\target\classes;C:\Users\sapnaj3\.m2\repository\org\seleniumhq\selenium\selenium-java\4.0.0-alpha-6\selenium-java-4.0.0-alpha-6.jar;C:\Users\sapnaj3\.m2\repository\org\seleniumhq\selenium\selenium-api\4.0.0-alpha-6\selenium-api-4.0.0-alpha-6.jar;C:\Users\sapnaj3\.m2\repository\org\seleniumhq\selenium\selenium-chrome-driver\4.0.0-alpha-6\selenium-chrome-driver-4.0.0-alpha-6.jar;C:\Users\sapnaj3\.m2\repository\com\google\auto\service\auto-service-annotations\1.0-rc6\auto-service-annotations-1.0-rc6.jar;C:\Users\sapnaj3\.m2\repository\com\google\auto\service\auto-service\1.0-rc6\auto-service-1.0-rc6.jar;C:\Users\sapnaj3\.m2\repository\com\google\auto\auto-common\0.10\auto-common-0.10.jar;C:\Users\sapnaj3\.m2\repository\com\google\guava\guava\29.0-jre\guava-29.0-jre.jar;C:\Users\sapnaj3\.m2\repository\com\google\guava\failureaccess\1.0.1\failureaccess-1.0.1.jar;C:\Users\sapnaj3\.m2\repository\com\google\guava\listenablefuture\9999.0-empty-to-avoid-conflict-with-guava\listenablefuture-9999.0-empty-to-avoid-conflict-with-guava.jar;C:\Users\sapnaj3\.m2\repository\com\google\code\findbugs\jsr305\3.0.2\jsr305-3.0.2.jar;C:\Users\sapnaj3\.m2\repository\org\checkerframework\checker-qual\2.11.1\checker-qual-2.11.1.jar;C:\Users\sapnaj3\.m2\repository\com\google\errorprone\error_prone_annotations\2.3.4\error_prone_annotations-2.3.4.jar;C:\Users\sapnaj3\.m2\repository\com\google\j2objc\j2objc-annotations\1.3\j2objc-annotations-1.3.jar;C:\Users\sapnaj3\.m2\repository\org\seleniumhq\selenium\selenium-chromium-driver\4.0.0-alpha-6\selenium-chromium-driver-4.0.0-alpha-6.jar;C:\Users\sapnaj3\.m2\repository\org\seleniumhq\selenium\selenium-devtools\4.0.0-alpha-6\selenium-devtools-4.0.0-alpha-6.jar;C:\Users\sapnaj3\.m2\repository\org\seleniumhq\selenium\selenium-http\4.0.0-alpha-6\selenium-http-4.0.0-alpha-6.jar;C:\Users\sapnaj3\.m2\repository\org\seleniumhq\selenium\selenium-json\4.0.0-alpha-6\selenium-json-4.0.0-alpha-6.jar;C:\Users\sapnaj3\.m2\repository\org\seleniumhq\selenium\selenium-edge-driver\4.0.0-alpha-6\selenium-edge-driver-4.0.0-alpha-6.jar;C:\Users\sapnaj3\.m2\repository\org\seleniumhq\selenium\selenium-edgehtml-driver\4.0.0-alpha-6\selenium-edgehtml-driver-4.0.0-alpha-6.jar;C:\Users\sapnaj3\.m2\repository\org\seleniumhq\selenium\selenium-firefox-driver\4.0.0-alpha-6\selenium-firefox-driver-4.0.0-alpha-6.jar;C:\Users\sapnaj3\.m2\repository\org\seleniumhq\selenium\selenium-firefox-xpi-driver\4.0.0-alpha-6\selenium-firefox-xpi-driver-4.0.0-alpha-6.jar;C:\Users\sapnaj3\.m2\repository\org\seleniumhq\selenium\selenium-ie-driver\4.0.0-alpha-6\selenium-ie-driver-4.0.0-alpha-6.jar;C:\Users\sapnaj3\.m2\repository\org\seleniumhq\selenium\selenium-opera-driver\4.0.0-alpha-6\selenium-opera-driver-4.0.0-alpha-6.jar;C:\Users\sapnaj3\.m2\repository\org\seleniumhq\selenium\selenium-remote-driver\4.0.0-alpha-6\selenium-remote-driver-4.0.0-alpha-6.jar;C:\Users\sapnaj3\.m2\repository\com\squareup\okhttp3\okhttp\4.5.0\okhttp-4.5.0.jar;C:\Users\sapnaj3\.m2\repository\org\jetbrains\kotlin\kotlin-stdlib\1.3.70\kotlin-stdlib-1.3.70.jar;C:\Users\sapnaj3\.m2\repository\org\jetbrains\annotations\13.0\annotations-13.0.jar;C:\Users\sapnaj3\.m2\repository\com\squareup\okio\okio\2.6.0\okio-2.6.0.jar;C:\Users\sapnaj3\.m2\repository\org\jetbrains\kotlin\kotlin-stdlib-common\1.3.70\kotlin-stdlib-common-1.3.70.jar;C:\Users\sapnaj3\.m2\repository\com\typesafe\netty\netty-reactive-streams\2.0.4\netty-reactive-streams-2.0.4.jar;C:\Users\sapnaj3\.m2\repository\io\netty\netty-handler\4.1.43.Final\netty-handler-4.1.43.Final.jar;C:\Users\sapnaj3\.m2\repository\org\reactivestreams\reactive-streams\1.0.3\reactive-streams-1.0.3.jar;C:\Users\sapnaj3\.m2\repository\io\grpc\grpc-context\1.28.0\grpc-context-1.28.0.jar;C:\Users\sapnaj3\.m2\repository\io\netty\netty-buffer\4.1.49.Final\netty-buffer-4.1.49.Final.jar;C:\Users\sapnaj3\.m2\repository\io\netty\netty-common\4.1.49.Final\netty-common-4.1.49.Final.jar;C:\Users\sapnaj3\.m2\repository\io\netty\netty-codec-http\4.1.49.Final\netty-codec-http-4.1.49.Final.jar;C:\Users\sapnaj3\.m2\repository\io\netty\netty-codec\4.1.49.Final\netty-codec-4.1.49.Final.jar;C:\Users\sapnaj3\.m2\repository\io\netty\netty-transport-native-epoll\4.1.49.Final\netty-transport-native-epoll-4.1.49.Final.jar;C:\Users\sapnaj3\.m2\repository\io\netty\netty-transport-native-epoll\4.1.49.Final\netty-transport-native-epoll-4.1.49.Final-linux-x86_64.jar;C:\Users\sapnaj3\.m2\repository\io\netty\netty-transport-native-kqueue\4.1.49.Final\netty-transport-native-kqueue-4.1.49.Final.jar;C:\Users\sapnaj3\.m2\repository\io\netty\netty-transport-native-kqueue\4.1.49.Final\netty-transport-native-kqueue-4.1.49.Final-osx-x86_64.jar;C:\Users\sapnaj3\.m2\repository\io\netty\netty-transport-native-unix-common\4.1.49.Final\netty-transport-native-unix-common-4.1.49.Final.jar;C:\Users\sapnaj3\.m2\repository\io\netty\netty-transport\4.1.49.Final\netty-transport-4.1.49.Final.jar;C:\Users\sapnaj3\.m2\repository\io\netty\netty-resolver\4.1.49.Final\netty-resolver-4.1.49.Final.jar;C:\Users\sapnaj3\.m2\repository\io\opentelemetry\opentelemetry-api\0.4.0\opentelemetry-api-0.4.0.jar;C:\Users\sapnaj3\.m2\repository\io\opentelemetry\opentelemetry-context-prop\0.4.0\opentelemetry-context-prop-0.4.0.jar;C:\Users\sapnaj3\.m2\repository\io\opentelemetry\opentelemetry-sdk\0.4.0\opentelemetry-sdk-0.4.0.jar;C:\Users\sapnaj3\.m2\repository\io\projectreactor\netty\reactor-netty\0.9.6.RELEASE\reactor-netty-0.9.6.RELEASE.jar;C:\Users\sapnaj3\.m2\repository\io\netty\netty-codec-http2\4.1.48.Final\netty-codec-http2-4.1.48.Final.jar;C:\Users\sapnaj3\.m2\repository\io\netty\netty-handler-proxy\4.1.48.Final\netty-handler-proxy-4.1.48.Final.jar;C:\Users\sapnaj3\.m2\repository\io\projectreactor\reactor-core\3.3.5.RELEASE\reactor-core-3.3.5.RELEASE.jar;C:\Users\sapnaj3\.m2\repository\net\bytebuddy\byte-buddy\1.10.9\byte-buddy-1.10.9.jar;C:\Users\sapnaj3\.m2\repository\org\apache\commons\commons-exec\1.3\commons-exec-1.3.jar;C:\Users\sapnaj3\.m2\repository\org\asynchttpclient\async-http-client\2.12.1\async-http-client-2.12.1.jar;C:\Users\sapnaj3\.m2\repository\org\asynchttpclient\async-http-client-netty-utils\2.12.1\async-http-client-netty-utils-2.12.1.jar;C:\Users\sapnaj3\.m2\repository\io\netty\netty-codec-socks\4.1.48.Final\netty-codec-socks-4.1.48.Final.jar;C:\Users\sapnaj3\.m2\repository\com\sun\activation\javax.activation\1.2.0\javax.activation-1.2.0.jar;C:\Users\sapnaj3\.m2\repository\org\seleniumhq\selenium\selenium-safari-driver\4.0.0-alpha-6\selenium-safari-driver-4.0.0-alpha-6.jar;C:\Users\sapnaj3\.m2\repository\org\seleniumhq\selenium\selenium-support\4.0.0-alpha-6\selenium-support-4.0.0-alpha-6.jar;C:\Users\sapnaj3\.m2\repository\org\testng\testng\7.1.0\testng-7.1.0.jar;C:\Users\sapnaj3\.m2\repository\com\beust\jcommander\1.72\jcommander-1.72.jar;C:\Users\sapnaj3\.m2\repository\com\google\inject\guice\4.1.0\guice-4.1.0-no_aop.jar;C:\Users\sapnaj3\.m2\repository\javax\inject\javax.inject\1\javax.inject-1.jar;C:\Users\sapnaj3\.m2\repository\aopalliance\aopalliance\1.0\aopalliance-1.0.jar;C:\Users\sapnaj3\.m2\repository\org\yaml\snakeyaml\1.21\snakeyaml-1.21.jar;C:\Users\sapnaj3\.m2\repository\org\apache\logging\log4j\log4j-api\2.13.3\log4j-api-2.13.3.jar;C:\Users\sapnaj3\.m2\repository\org\apache\logging\log4j\log4j-core\2.13.3\log4j-core-2.13.3.jar;C:\Users\sapnaj3\.m2\repository\org\slf4j\slf4j-api\1.7.5\slf4j-api-1.7.5.jar;C:\Users\sapnaj3\.m2\repository\org\slf4j\slf4j-log4j12\1.7.5\slf4j-log4j12-1.7.5.jar;C:\Users\sapnaj3\.m2\repository\log4j\log4j\1.2.17\log4j-1.2.17.jar;C:\Users\sapnaj3\.m2\repository\commons-io\commons-io\2.6\commons-io-2.6.jar;C:\Users\sapnaj3\.m2\repository\com\aventstack\extentreports\4.1.7\extentreports-4.1.7.jar;C:\Users\sapnaj3\.m2\repository\org\freemarker\freemarker\2.3.29\freemarker-2.3.29.jar;C:\Users\sapnaj3\.m2\repository\org\apache\httpcomponents\httpclient\4.5.2\httpclient-4.5.2.jar;C:\Users\sapnaj3\.m2\repository\org\apache\httpcomponents\httpcore\4.4.4\httpcore-4.4.4.jar;C:\Users\sapnaj3\.m2\repository\commons-logging\commons-logging\1.2\commons-logging-1.2.jar;C:\Users\sapnaj3\.m2\repository\commons-codec\commons-codec\1.9\commons-codec-1.9.jar;C:\Users\sapnaj3\.m2\repository\org\apache\httpcomponents\httpmime\4.5.2\httpmime-4.5.2.jar;C:\Users\sapnaj3\.m2\repository\com\google\code\gson\gson\2.8.6\gson-2.8.6.jar;C:\Users\sapnaj3\.m2\repository\org\mongodb\mongodb-driver\3.12.0\mongodb-driver-3.12.0.jar;C:\Users\sapnaj3\.m2\repository\org\mongodb\mongodb-driver-core\3.12.0\mongodb-driver-core-3.12.0.jar;C:\Users\sapnaj3\.m2\repository\org\mongodb\bson\3.12.0\bson-3.12.0.jar;"/>
    <property name="sun.cpu.endian" value="little"/>
    <property name="user.home" value="C:\Users\sapnaj3"/>
    <property name="user.language" value="en"/>
    <property name="java.specification.vendor" value="Oracle Corporation"/>
    <property name="java.version.date" value="2020-01-14"/>
    <property name="java.home" value="C:\Program Files\Java\jdk-13.0.2"/>
    <property name="file.separator" value="\"/>
    <property name="basedir" value="D:\Selenium\Project_Pract\pract\End_to_end_project"/>
    <property name="java.vm.compressedOopsMode" value="Zero based"/>
    <property name="line.separator" value="&#10;"/>
    <property name="java.vm.specification.vendor" value="Oracle Corporation"/>
    <property name="java.specification.name" value="Java Platform API Specification"/>
    <property name="surefire.real.class.path" value="C:\Users\sapnaj3\AppData\Local\Temp\surefire4239918570619980781\surefirebooter14066102154409364777.jar"/>
    <property name="user.script" value=""/>
    <property name="sun.management.compiler" value="HotSpot 64-Bit Tiered Compilers"/>
    <property name="java.runtime.version" value="13.0.2+8"/>
    <property name="user.name" value="sapnaj3"/>
    <property name="path.separator" value=";"/>
    <property name="os.version" value="10.0"/>
    <property name="java.runtime.name" value="Java(TM) SE Runtime Environment"/>
    <property name="file.encoding" value="Cp1252"/>
    <property name="browser" value="chromeheadless"/>
    <property name="sun.nio.ch.bugLevel" value=""/>
    <property name="java.vm.name" value="Java HotSpot(TM) 64-Bit Server VM"/>
    <property name="localRepository" value="C:\Users\sapnaj3\.m2\repository"/>
    <property name="java.vendor.url.bug" value="https://bugreport.java.com/bugreport/"/>
    <property name="java.io.tmpdir" value="C:\Users\sapnaj3\AppData\Local\Temp\"/>
    <property name="java.version" value="13.0.2"/>
    <property name="user.dir" value="D:\Selenium\Project_Pract\pract\End_to_end_project"/>
    <property name="os.arch" value="amd64"/>
    <property name="java.vm.specification.name" value="Java Virtual Machine Specification"/>
    <property name="sun.os.patch.level" value=""/>
    <property name="java.library.path" value="C:\Program Files\Java\jdk-13.0.2\bin;C:\WINDOWS\Sun\Java\bin;C:\WINDOWS\system32;C:\WINDOWS;D:\Selenium\apache-maven-3.6.3/bin;C:\Program Files\Java\jdk-13.0.2/bin;C:\Program Files\Java\jdk-13.0.2/bin;C:\Program Files (x86)\Common Files\Oracle\Java\javapath;C:\WINDOWS\system32;C:\WINDOWS;C:\WINDOWS\System32\Wbem;C:\WINDOWS\System32\WindowsPowerShell\v1.0\;C:\WINDOWS\System32\OpenSSH\;C:\WINDOWS\CCM;C:\Program Files\Java\jdk-13.0.2\bin;C:\Program Files\Git\cmd;C:\Program Files\nodejs\;D:\Selenium\apache-maven-3.6.3\bin;C:\Users\sapnaj3\AppData\Local\Microsoft\WindowsApps;C:\Users\sapnaj3\AppData\Roaming\npm;."/>
    <property name="java.vm.info" value="mixed mode, sharing"/>
    <property name="java.vendor" value="Oracle Corporation"/>
    <property name="java.vm.version" value="13.0.2+8"/>
    <property name="sun.io.unicode.encoding" value="UnicodeLittle"/>
    <property name="java.class.version" value="57.0"/>
  </properties>
  <testcase name="navigation" classname="E2Eprojects.Validatenavigationbar" time="0.594">
    <system-err><![CDATA[log4j:WARN No appenders could be found for logger (io.netty.util.internal.logging.InternalLoggerFactory).
log4j:WARN Please initialize the log4j system properly.
log4j:WARN See http://logging.apache.org/log4j/1.2/faq.html#noconfig for more info.
Starting ChromeDriver 83.0.4103.39 (ccbf011cb2d2b19b506d844400483861342c20cd-refs/branch-heads/4103@{#416}) on port 31466
Only local connections are allowed.
Please see https://chromedriver.chromium.org/security-considerations for suggestions on keeping ChromeDriver safe.
Starting ChromeDriver 83.0.4103.39 (ccbf011cb2d2b19b506d844400483861342c20cd-refs/branch-heads/4103@{#416}) on port 35275
Only local connections are allowed.
Please see https://chromedriver.chromium.org/security-considerations for suggestions on keeping ChromeDriver safe.
Starting ChromeDriver 83.0.4103.39 (ccbf011cb2d2b19b506d844400483861342c20cd-refs/branch-heads/4103@{#416}) on port 6971
Only local connections are allowed.
Please see https://chromedriver.chromium.org/security-considerations for suggestions on keeping ChromeDriver safe.
ChromeDriver was started successfully.
ChromeDriver was started successfully.
ChromeDriver was started successfully.
Jul 18, 2020 4:01:47 PM org.openqa.selenium.remote.ProtocolHandshake createSession
INFO: Detected dialect: W3C
Jul 18, 2020 4:01:47 PM org.openqa.selenium.remote.ProtocolHandshake createSession
INFO: Detected dialect: W3C
Jul 18, 2020 4:01:48 PM org.openqa.selenium.remote.ProtocolHandshake createSession
INFO: Detected dialect: W3C
]]></system-err>
  </testcase>
  <testcase name="validatetitle" classname="E2Eprojects.ValidateHomepage" time="0.786">
    <failure message="expected [FEATURED COURSES123] but found [FEATURED COURSES]" type="java.lang.AssertionError"><![CDATA[java.lang.AssertionError: expected [FEATURED COURSES123] but found [FEATURED COURSES]
	at E2Eprojects.ValidateHomepage.validatetitle(ValidateHomepage.java:37)
]]></failure>
  </testcase>
  <testcase name="userlogin[sapnauser1, 12345, restricted user](1)" classname="E2Eprojects.Homepage" time="5.201"/>
  <testcase name="userlogin[sapnauser2, 123456, Non restricted](2)" classname="E2Eprojects.Homepage" time="4.975"/>
</testsuite>