<?xml version="1.0" encoding="UTF-8"?>
<!-- Generated by org.testng.reporters.JUnitReportReporter -->
<testsuite hostname="L-6782" failures="0" tests="1" name="E2Eprojects.Validatenavigationbar" time="3.860" errors="0" timestamp="2020-07-16T13:20:43 IST" skipped="0">
  <testcase classname="E2Eprojects.Validatenavigationbar" name="navigation" time="3.860"/>
  <system-out/>
</testsuite> <!-- E2Eprojects.Validatenavigationbar -->
