<?xml version="1.0" encoding="UTF-8"?>
<!-- Generated by org.testng.reporters.JUnitReportReporter -->
<testsuite hostname="L-6782" failures="0" tests="1" name="E2Eprojects.ValidateTitle" time="13.086" errors="0" timestamp="2020-07-06T17:22:34 IST" skipped="0">
  <testcase classname="E2Eprojects.ValidateTitle" name="basepagenavigation" time="13.086"/>
  <system-out/>
</testsuite> <!-- E2Eprojects.ValidateTitle -->
