<?xml version="1.0" encoding="UTF-8"?>
<!-- Generated by org.testng.reporters.JUnitReportReporter -->
<testsuite hostname="L-6782" failures="0" tests="2" name="E2Eprojects.Homepage" time="21.840" errors="0" timestamp="2020-07-18T16:02:13 IST" skipped="0">
  <testcase classname="E2Eprojects.Homepage" name="userlogin" time="4.973"/>
  <system-out/>
  <testcase classname="E2Eprojects.Homepage" name="userlogin" time="16.867"/>
  <system-out/>
</testsuite> <!-- E2Eprojects.Homepage -->
